<?xml version="1.0" encoding="UTF-8"?>
<testng-results ignored="10" total="19" passed="8" failed="1" skipped="0">
  <reporter-output>
  </reporter-output>
  <suite started-at="2022-07-19T00:24:30 CDT" name="dsalgo1" finished-at="2022-07-19T00:25:05 CDT" duration-ms="35188">
    <groups>
    </groups>
    <test started-at="2022-07-19T00:24:30 CDT" name="Getstarted" finished-at="2022-07-19T00:25:05 CDT" duration-ms="35188">
      <class name="com.dsalgo1.testCases.Registerpage_TC1">
        <test-method signature="RegisterpageTest()[pri:0, instance:com.dsalgo1.testCases.Registerpage_TC1@61d34b4]" started-at="2022-07-19T00:24:47 CDT" name="RegisterpageTest" finished-at="2022-07-19T00:24:47 CDT" duration-ms="357" status="PASS">
          <reporter-output>
          </reporter-output>
        </test-method> <!-- RegisterpageTest -->
      </class> <!-- com.dsalgo1.testCases.Registerpage_TC1 -->
      <class name="com.dsalgo1.testCases.Loginpage_TC1">
        <test-method signature="LoginpageTest(java.lang.String,java.lang.String)[pri:0, instance:com.dsalgo1.testCases.Loginpage_TC1@588307f7]" started-at="2022-07-19T00:24:54 CDT" name="LoginpageTest" data-provider="Logindata" finished-at="2022-07-19T00:24:54 CDT" duration-ms="488" status="PASS">
          <params>
            <param index="0">
              <value>
                <![CDATA[Sunita123]]>
              </value>
            </param>
            <param index="1">
              <value>
                <![CDATA[Ayushi]]>
              </value>
            </param>
          </params>
          <reporter-output>
          </reporter-output>
        </test-method> <!-- LoginpageTest -->
        <test-method signature="LoginpageTest(java.lang.String,java.lang.String)[pri:0, instance:com.dsalgo1.testCases.Loginpage_TC1@588307f7]" started-at="2022-07-19T00:24:54 CDT" name="LoginpageTest" data-provider="Logindata" finished-at="2022-07-19T00:24:55 CDT" duration-ms="513" status="PASS">
          <params>
            <param index="0">
              <value>
                <![CDATA[Sunita222]]>
              </value>
            </param>
            <param index="1">
              <value>
                <![CDATA[Mishra222]]>
              </value>
            </param>
          </params>
          <reporter-output>
          </reporter-output>
        </test-method> <!-- LoginpageTest -->
        <test-method signature="LoginpageTest(java.lang.String,java.lang.String)[pri:0, instance:com.dsalgo1.testCases.Loginpage_TC1@588307f7]" started-at="2022-07-19T00:24:55 CDT" name="LoginpageTest" data-provider="Logindata" finished-at="2022-07-19T00:24:55 CDT" duration-ms="846" status="PASS">
          <params>
            <param index="0">
              <value>
                <![CDATA[msunita20]]>
              </value>
            </param>
            <param index="1">
              <value>
                <![CDATA[Ayushi@24]]>
              </value>
            </param>
          </params>
          <reporter-output>
          </reporter-output>
        </test-method> <!-- LoginpageTest -->
        <test-method signature="Loginvalidity()[pri:2, instance:com.dsalgo1.testCases.Loginpage_TC1@588307f7]" started-at="2022-07-19T00:24:55 CDT" name="Loginvalidity" description="verify Signout button" finished-at="2022-07-19T00:24:56 CDT" duration-ms="46" status="PASS">
          <reporter-output>
          </reporter-output>
        </test-method> <!-- Loginvalidity -->
      </class> <!-- com.dsalgo1.testCases.Loginpage_TC1 -->
      <class name="com.dsalgo1.testCases.GetstartedPage_TC1">
        <test-method is-config="true" signature="Startbrowser(java.lang.String)[pri:0, instance:com.dsalgo1.testCases.GetstartedPage_TC1@6642dc5a]" started-at="2022-07-19T00:24:31 CDT" name="Startbrowser" finished-at="2022-07-19T00:24:45 CDT" duration-ms="13833" status="PASS">
          <params>
            <param index="0">
              <value>
                <![CDATA[edge]]>
              </value>
            </param>
          </params>
          <reporter-output>
          </reporter-output>
        </test-method> <!-- Startbrowser -->
        <test-method signature="GetstartedTest()[pri:0, instance:com.dsalgo1.testCases.GetstartedPage_TC1@6642dc5a]" started-at="2022-07-19T00:24:45 CDT" name="GetstartedTest" finished-at="2022-07-19T00:24:46 CDT" duration-ms="1059" status="FAIL">
          <exception class="java.lang.AssertionError">
            <message>
              <![CDATA[expected [true] but found [false]]]>
            </message>
            <full-stacktrace>
              <![CDATA[java.lang.AssertionError: expected [true] but found [false]
at org.testng.Assert.fail(Assert.java:99)
at org.testng.Assert.failNotEquals(Assert.java:1037)
at org.testng.Assert.assertTrue(Assert.java:45)
at org.testng.Assert.assertTrue(Assert.java:55)
at com.dsalgo1.testCases.GetstartedPage_TC1.GetstartedTest(GetstartedPage_TC1.java:35)
at java.base/jdk.internal.reflect.NativeMethodAccessorImpl.invoke0(Native Method)
at java.base/jdk.internal.reflect.NativeMethodAccessorImpl.invoke(NativeMethodAccessorImpl.java:77)
at java.base/jdk.internal.reflect.DelegatingMethodAccessorImpl.invoke(DelegatingMethodAccessorImpl.java:43)
at java.base/java.lang.reflect.Method.invoke(Method.java:568)
at org.testng.internal.MethodInvocationHelper.invokeMethod(MethodInvocationHelper.java:133)
at org.testng.internal.TestInvoker.invokeMethod(TestInvoker.java:598)
at org.testng.internal.TestInvoker.invokeTestMethod(TestInvoker.java:173)
at org.testng.internal.MethodRunner.runInSequence(MethodRunner.java:46)
at org.testng.internal.TestInvoker$MethodInvocationAgent.invoke(TestInvoker.java:824)
at org.testng.internal.TestInvoker.invokeTestMethods(TestInvoker.java:146)
at org.testng.internal.TestMethodWorker.invokeTestMethods(TestMethodWorker.java:146)
at org.testng.internal.TestMethodWorker.run(TestMethodWorker.java:128)
at java.base/java.util.ArrayList.forEach(ArrayList.java:1511)
at org.testng.TestRunner.privateRun(TestRunner.java:794)
at org.testng.TestRunner.run(TestRunner.java:596)
at org.testng.SuiteRunner.runTest(SuiteRunner.java:377)
at org.testng.SuiteRunner.runSequentially(SuiteRunner.java:371)
at org.testng.SuiteRunner.privateRun(SuiteRunner.java:332)
at org.testng.SuiteRunner.run(SuiteRunner.java:276)
at org.testng.SuiteRunnerWorker.runSuite(SuiteRunnerWorker.java:53)
at org.testng.SuiteRunnerWorker.run(SuiteRunnerWorker.java:96)
at org.testng.TestNG.runSuitesSequentially(TestNG.java:1212)
at org.testng.TestNG.runSuitesLocally(TestNG.java:1134)
at org.testng.TestNG.runSuites(TestNG.java:1063)
at org.testng.TestNG.run(TestNG.java:1031)
at org.testng.remote.AbstractRemoteTestNG.run(AbstractRemoteTestNG.java:115)
at org.testng.remote.RemoteTestNG.initAndRun(RemoteTestNG.java:251)
at org.testng.remote.RemoteTestNG.main(RemoteTestNG.java:77)
]]>
            </full-stacktrace>
          </exception> <!-- java.lang.AssertionError -->
          <reporter-output>
          </reporter-output>
        </test-method> <!-- GetstartedTest -->
        <test-method is-config="true" signature="tearDown()[pri:0, instance:com.dsalgo1.testCases.GetstartedPage_TC1@6642dc5a]" started-at="2022-07-19T00:25:04 CDT" name="tearDown" finished-at="2022-07-19T00:25:05 CDT" duration-ms="1233" status="PASS">
          <reporter-output>
          </reporter-output>
        </test-method> <!-- tearDown -->
      </class> <!-- com.dsalgo1.testCases.GetstartedPage_TC1 -->
      <class name="com.dsalgo1.testCases.Homepage_TC1">
        <test-method signature="HomePageTest()[pri:0, instance:com.dsalgo1.testCases.Homepage_TC1@6aba5d30]" started-at="2022-07-19T00:24:47 CDT" name="HomePageTest" finished-at="2022-07-19T00:24:47 CDT" duration-ms="245" status="PASS">
          <reporter-output>
          </reporter-output>
        </test-method> <!-- HomePageTest -->
      </class> <!-- com.dsalgo1.testCases.Homepage_TC1 -->
      <class name="com.dsalgo1.testCases.Stackpage_TC1">
        <test-method signature="StackpageTest()[pri:0, instance:com.dsalgo1.testCases.Stackpage_TC1@459cfcca]" started-at="2022-07-19T00:25:02 CDT" name="StackpageTest" finished-at="2022-07-19T00:25:04 CDT" duration-ms="2473" status="PASS">
          <reporter-output>
          </reporter-output>
        </test-method> <!-- StackpageTest -->
      </class> <!-- com.dsalgo1.testCases.Stackpage_TC1 -->
      <class name="com.dsalgo1.testCases.LinkedlistPage_TC1">
        <test-method signature="LinkedlistPageTest()[pri:0, instance:com.dsalgo1.testCases.LinkedlistPage_TC1@7df76d99]" started-at="2022-07-19T00:24:56 CDT" name="LinkedlistPageTest" finished-at="2022-07-19T00:25:02 CDT" duration-ms="6238" status="PASS">
          <reporter-output>
          </reporter-output>
        </test-method> <!-- LinkedlistPageTest -->
      </class> <!-- com.dsalgo1.testCases.LinkedlistPage_TC1 -->
    </test> <!-- Getstarted -->
  </suite> <!-- dsalgo1 -->
</testng-results>
